<?xml version="1.0" encoding="UTF-8"?>
<testsuite xmlns:xsi="http://www.w3.org/2001/XMLSchema-instance" xsi:noNamespaceSchemaLocation="https://maven.apache.org/surefire/maven-surefire-plugin/xsd/surefire-test-report-3.0.xsd" version="3.0" name="nullobjects.arh1.Arh1ApplicationTests" time="2.184" tests="1" errors="0" skipped="0" failures="0">
  <properties>
[...]
</properties>
  <testcase name="contextLoads" classname="nullobjects.arh1.Arh1ApplicationTests" time="0.643">
    <system-out><![CDATA[18:49:32.779 [main] INFO org.springframework.test.context.support.AnnotationConfigContextLoaderUtils -- Could not detect default configuration classes for test class [nullobjects.arh1.Arh1ApplicationTests]: Arh1ApplicationTests does not declare any static, non-private, non-final, nested classes annotated with @Configuration.
18:49:32.837 [main] INFO org.springframework.boot.test.context.SpringBootTestContextBootstrapper -- Found @SpringBootConfiguration nullobjects.arh1.Arh1Application for test class nullobjects.arh1.Arh1ApplicationTests

  .   ____          _            __ _ _
 /\\ / ___'_ __ _ _(_)_ __  __ _ \ \ \ \
( ( )\___ | '_ | '_| | '_ \/ _` | \ \ \ \
 \\/  ___)| |_)| | | | | || (_| |  ) ) ) )
  '  |____| .__|_| |_|_| |_\__, | / / / /
 =========|_|==============|___/=/_/_/_/
 :: Spring Boot ::                (v3.1.5)

2024-01-28T18:49:33.056+01:00  INFO 63864 --- [           main] nullobjects.arh1.Arh1ApplicationTests    : Starting Arh1ApplicationTests using Java 21.0.1 with PID 63864 (started by Bhoon in C:\Users\Bhoon\Desktop\Arh)
2024-01-28T18:49:33.057+01:00  INFO 63864 --- [           main] nullobjects.arh1.Arh1ApplicationTests    : No active profile set, falling back to 1 default profile: "default"
2024-01-28T18:49:34.086+01:00  INFO 63864 --- [           main] com.zaxxer.hikari.HikariDataSource       : HikariPool-1 - Starting...
2024-01-28T18:49:34.112+01:00  INFO 63864 --- [           main] com.zaxxer.hikari.pool.HikariPool        : HikariPool-1 - Added connection conn2: url=jdbc:h2:file:./src/main/resources/static/mapdb user=MAP_USER
2024-01-28T18:49:34.115+01:00  INFO 63864 --- [           main] com.zaxxer.hikari.HikariDataSource       : HikariPool-1 - Start completed.
2024-01-28T18:49:34.130+01:00  INFO 63864 --- [           main] o.s.b.a.h2.H2ConsoleAutoConfiguration    : H2 console available at '/h2-console'. Database available at 'jdbc:h2:file:./src/main/resources/static/mapdb'
2024-01-28T18:49:34.204+01:00  INFO 63864 --- [           main] nullobjects.arh1.Arh1ApplicationTests    : Started Arh1ApplicationTests in 1.282 seconds (process running for 1.811)
]]></system-out>
    <system-err><![CDATA[WARNING: A Java agent has been loaded dynamically (C:\Users\Bhoon\.m2\repository\net\bytebuddy\byte-buddy-agent\1.14.9\byte-buddy-agent-1.14.9.jar)
WARNING: If a serviceability tool is in use, please run with -XX:+EnableDynamicAgentLoading to hide this warning
WARNING: If a serviceability tool is not in use, please run with -Djdk.instrument.traceUsage for more information
WARNING: Dynamic loading of agents will be disallowed by default in a future release
]]></system-err>
  </testcase>
</testsuite>